<?xml version="1.0" encoding="UTF-8"?>
<!-- Generated by org.testng.reporters.JUnitXMLReporter -->
<testsuite hostname="zm-PC" name="Practice1" tests="1" failures="1" timestamp="27 Aug 2014 07:56:03 GMT" time="50.474" errors="0">
  <testcase name="equalMail" time="14.845" classname="practicefour.Practice2OnTestNG">
    <failure type="org.openqa.selenium.NoSuchElementException" message="Unable to locate element: {&amp;quot;method&amp;quot;:&amp;quot;link text&amp;quot;,&amp;quot;selector&amp;quot;:&amp;quot;收件箱&amp;quot;}
Command duration or timeout: 112 milliseconds
For documentation on this error, please visit: http://seleniumhq.org/exceptions/no_such_element.html
Build info: version: &amp;apos;2.40.0&amp;apos;, revision: &amp;apos;4c5c0568b004f67810ee41c459549aa4b09c651e&amp;apos;, time: &amp;apos;2014-02-19 11:13:01&amp;apos;
System info: host: &amp;apos;zm-PC&amp;apos;, ip: &amp;apos;169.254.146.173&amp;apos;, os.name: &amp;apos;Windows 7&amp;apos;, os.arch: &amp;apos;amd64&amp;apos;, os.version: &amp;apos;6.1&amp;apos;, java.version: &amp;apos;1.7.0_67&amp;apos;
Session ID: 5a701153-4498-4511-bac1-d1ed47f08494
Driver info: org.openqa.selenium.firefox.FirefoxDriver
Capabilities [{platform=XP, databaseEnabled=true, cssSelectorsEnabled=true, javascriptEnabled=true, acceptSslCerts=true, handlesAlerts=true, browserName=firefox, webStorageEnabled=true, nativeEvents=false, rotatable=false, locationContextEnabled=true, applicationCacheEnabled=true, takesScreenshot=true, version=31.0}]">
      <![CDATA[org.openqa.selenium.NoSuchElementException: Unable to locate element: {"method":"link text","selector":"收件箱"}
Command duration or timeout: 112 milliseconds
For documentation on this error, please visit: http://seleniumhq.org/exceptions/no_such_element.html
Build info: version: '2.40.0', revision: '4c5c0568b004f67810ee41c459549aa4b09c651e', time: '2014-02-19 11:13:01'
System info: host: 'zm-PC', ip: '169.254.146.173', os.name: 'Windows 7', os.arch: 'amd64', os.version: '6.1', java.version: '1.7.0_67'
Session ID: 5a701153-4498-4511-bac1-d1ed47f08494
Driver info: org.openqa.selenium.firefox.FirefoxDriver
Capabilities [{platform=XP, databaseEnabled=true, cssSelectorsEnabled=true, javascriptEnabled=true, acceptSslCerts=true, handlesAlerts=true, browserName=firefox, webStorageEnabled=true, nativeEvents=false, rotatable=false, locationContextEnabled=true, applicationCacheEnabled=true, takesScreenshot=true, version=31.0}]
	at org.openqa.selenium.remote.ErrorHandler.createThrowable(ErrorHandler.java:193)
	at org.openqa.selenium.remote.ErrorHandler.throwIfResponseFailed(ErrorHandler.java:145)
	at org.openqa.selenium.remote.RemoteWebDriver.execute(RemoteWebDriver.java:573)
	at org.openqa.selenium.remote.RemoteWebDriver.findElement(RemoteWebDriver.java:326)
	at org.openqa.selenium.remote.RemoteWebDriver.findElementByLinkText(RemoteWebDriver.java:375)
	at org.openqa.selenium.By$ByLinkText.findElement(By.java:242)
	at org.openqa.selenium.remote.RemoteWebDriver.findElement(RemoteWebDriver.java:318)
	at practicefour.Practice2OnTestNG.equalMail(Practice2OnTestNG.java:72)
Caused by: org.openqa.selenium.remote.ErrorHandler$UnknownServerException: Unable to locate element: {"method":"link text","selector":"收件箱"}
Build info: version: '2.40.0', revision: '4c5c0568b004f67810ee41c459549aa4b09c651e', time: '2014-02-19 11:13:01'
System info: host: 'zm-PC', ip: '169.254.146.173', os.name: 'Windows 7', os.arch: 'amd64', os.version: '6.1', java.version: '1.7.0_67'
Driver info: driver.version: unknown
	at <anonymous class>.FirefoxDriver.prototype.findElementInternal_(file:///C:/Users/zm/AppData/Local/Temp/anonymous3713673648363908584webdriver-profile/extensions/fxdriver@googlecode.com/components/driver_component.js:8904:133)
	at <anonymous class>.FirefoxDriver.prototype.findElement(file:///C:/Users/zm/AppData/Local/Temp/anonymous3713673648363908584webdriver-profile/extensions/fxdriver@googlecode.com/components/driver_component.js:8913:3)
	at <anonymous class>.DelayedCommand.prototype.executeInternal_/h(file:///C:/Users/zm/AppData/Local/Temp/anonymous3713673648363908584webdriver-profile/extensions/fxdriver@googlecode.com/components/command_processor.js:10878:16)
	at <anonymous class>.DelayedCommand.prototype.executeInternal_(file:///C:/Users/zm/AppData/Local/Temp/anonymous3713673648363908584webdriver-profile/extensions/fxdriver@googlecode.com/components/command_processor.js:10883:7)
	at <anonymous class>.DelayedCommand.prototype.execute/<(file:///C:/Users/zm/AppData/Local/Temp/anonymous3713673648363908584webdriver-profile/extensions/fxdriver@googlecode.com/components/command_processor.js:10825:5)
... Removed 28 stack frames]]>
    </failure>
  </testcase> <!-- equalMail -->
</testsuite> <!-- Practice1 -->
